2018-10-12T12:12:25.765249Z 0 [Warning] [MY-011071] [Server] option 'read_buffer_size': unsigned value 0 adjusted to 8192
2018-10-12T12:12:25.765296Z 0 [Warning] [MY-011071] [Server] option 'read_rnd_buffer_size': unsigned value 0 adjusted to 1
2018-10-12T12:12:25.765370Z 0 [Warning] [MY-010915] [Server] 'NO_ZERO_DATE', 'NO_ZERO_IN_DATE' and 'ERROR_FOR_DIVISION_BY_ZERO' sql modes should be used with strict mode. They will be merged with strict mode in a future release.
2018-10-12T12:12:25.771990Z 0 [System] [MY-010116] [Server] C:\Program Files\MySQL\MySQL Server 8.0\bin\mysqld.exe (mysqld 8.0.12) starting as process 7796
2018-10-12T12:12:28.070689Z 0 [Warning] [MY-010068] [Server] CA certificate ca.pem is self signed.
2018-10-12T12:12:28.156520Z 0 [System] [MY-010931] [Server] C:\Program Files\MySQL\MySQL Server 8.0\bin\mysqld.exe: ready for connections. Version: '8.0.12'  socket: ''  port: 3306  MySQL Community Server - GPL.
2018-10-12T12:27:01.638710Z 0 [ERROR] [MY-011287] [Server] Plugin mysqlx reported: '1.1: Maximum number of authentication attempts reached, login failed.'
2018-10-12T12:28:07.200916Z 0 [ERROR] [MY-011287] [Server] Plugin mysqlx reported: '2.1: Maximum number of authentication attempts reached, login failed.'
2018-10-13T07:58:31.882779Z 0 [System] [MY-013105] [Server] C:\Program Files\MySQL\MySQL Server 8.0\bin\mysqld.exe: Normal shutdown.
2018-10-13T07:58:33.396831Z 0 [System] [MY-010910] [Server] C:\Program Files\MySQL\MySQL Server 8.0\bin\mysqld.exe: Shutdown complete (mysqld 8.0.12)  MySQL Community Server - GPL.
2018-10-13T18:29:11.527494Z 0 [Warning] [MY-011071] [Server] option 'read_buffer_size': unsigned value 0 adjusted to 8192
2018-10-13T18:29:11.527972Z 0 [Warning] [MY-011071] [Server] option 'read_rnd_buffer_size': unsigned value 0 adjusted to 1
2018-10-13T18:29:11.528500Z 0 [Warning] [MY-010915] [Server] 'NO_ZERO_DATE', 'NO_ZERO_IN_DATE' and 'ERROR_FOR_DIVISION_BY_ZERO' sql modes should be used with strict mode. They will be merged with strict mode in a future release.
2018-10-13T18:29:11.534669Z 0 [System] [MY-010116] [Server] C:\Program Files\MySQL\MySQL Server 8.0\bin\mysqld.exe (mysqld 8.0.12) starting as process 4232
2018-10-13T18:29:14.489970Z 0 [Warning] [MY-010068] [Server] CA certificate ca.pem is self signed.
2018-10-13T18:29:14.555037Z 0 [System] [MY-010931] [Server] C:\Program Files\MySQL\MySQL Server 8.0\bin\mysqld.exe: ready for connections. Version: '8.0.12'  socket: ''  port: 3306  MySQL Community Server - GPL.
2018-10-14T06:47:48.300196Z 0 [System] [MY-013105] [Server] C:\Program Files\MySQL\MySQL Server 8.0\bin\mysqld.exe: Normal shutdown.
2018-10-14T06:47:49.274348Z 0 [System] [MY-010910] [Server] C:\Program Files\MySQL\MySQL Server 8.0\bin\mysqld.exe: Shutdown complete (mysqld 8.0.12)  MySQL Community Server - GPL.
2018-10-14T07:02:38.794767Z 0 [Warning] [MY-011071] [Server] option 'read_buffer_size': unsigned value 0 adjusted to 8192
2018-10-14T07:02:38.794950Z 0 [Warning] [MY-011071] [Server] option 'read_rnd_buffer_size': unsigned value 0 adjusted to 1
2018-10-14T07:02:38.795327Z 0 [Warning] [MY-010915] [Server] 'NO_ZERO_DATE', 'NO_ZERO_IN_DATE' and 'ERROR_FOR_DIVISION_BY_ZERO' sql modes should be used with strict mode. They will be merged with strict mode in a future release.
2018-10-14T07:02:38.808774Z 0 [System] [MY-010116] [Server] C:\Program Files\MySQL\MySQL Server 8.0\bin\mysqld.exe (mysqld 8.0.12) starting as process 16096
2018-10-14T07:02:42.061278Z 0 [Warning] [MY-010068] [Server] CA certificate ca.pem is self signed.
2018-10-14T07:02:42.171081Z 0 [System] [MY-010931] [Server] C:\Program Files\MySQL\MySQL Server 8.0\bin\mysqld.exe: ready for connections. Version: '8.0.12'  socket: ''  port: 3306  MySQL Community Server - GPL.
2018-10-14T07:07:47.323686Z 11 [System] [MY-013172] [Server] Received SHUTDOWN from user root. Shutting down mysqld (Version: 8.0.12).
2018-10-14T07:07:47.325127Z 0 [System] [MY-013105] [Server] C:\Program Files\MySQL\MySQL Server 8.0\bin\mysqld.exe: Normal shutdown.
2018-10-14T07:07:48.740847Z 0 [System] [MY-010910] [Server] C:\Program Files\MySQL\MySQL Server 8.0\bin\mysqld.exe: Shutdown complete (mysqld 8.0.12)  MySQL Community Server - GPL.
2018-10-14T07:07:52.419085Z 0 [Warning] [MY-011071] [Server] option 'read_buffer_size': unsigned value 0 adjusted to 8192
2018-10-14T07:07:52.419166Z 0 [Warning] [MY-011071] [Server] option 'read_rnd_buffer_size': unsigned value 0 adjusted to 1
2018-10-14T07:07:52.419321Z 0 [Warning] [MY-010915] [Server] 'NO_ZERO_DATE', 'NO_ZERO_IN_DATE' and 'ERROR_FOR_DIVISION_BY_ZERO' sql modes should be used with strict mode. They will be merged with strict mode in a future release.
2018-10-14T07:07:52.430541Z 0 [System] [MY-010116] [Server] C:\Program Files\MySQL\MySQL Server 8.0\bin\mysqld.exe (mysqld 8.0.12) starting as process 1740
2018-10-14T07:07:55.063027Z 0 [Warning] [MY-010068] [Server] CA certificate ca.pem is self signed.
2018-10-14T07:07:55.136334Z 0 [System] [MY-010931] [Server] C:\Program Files\MySQL\MySQL Server 8.0\bin\mysqld.exe: ready for connections. Version: '8.0.12'  socket: ''  port: 3306  MySQL Community Server - GPL.
